[2023-09-18 06:03:25] local.ERROR: Class "Database\Seeders\App\Models\User" not found {"exception":"[object] (Error(code: 0): Class \"Database\\Seeders\\App\\Models\\User\" not found at /home/lucas/Programacion/decampochallenge/database/seeders/DatabaseSeeder.php:15)
[stacktrace]
#0 /home/lucas/Programacion/decampochallenge/vendor/laravel/framework/src/Illuminate/Container/BoundMethod.php(36): Database\\Seeders\\DatabaseSeeder->run()
#1 /home/lucas/Programacion/decampochallenge/vendor/laravel/framework/src/Illuminate/Container/Util.php(41): Illuminate\\Container\\BoundMethod::Illuminate\\Container\\{closure}()
#2 /home/lucas/Programacion/decampochallenge/vendor/laravel/framework/src/Illuminate/Container/BoundMethod.php(93): Illuminate\\Container\\Util::unwrapIfClosure()
#3 /home/lucas/Programacion/decampochallenge/vendor/laravel/framework/src/Illuminate/Container/BoundMethod.php(37): Illuminate\\Container\\BoundMethod::callBoundMethod()
#4 /home/lucas/Programacion/decampochallenge/vendor/laravel/framework/src/Illuminate/Container/Container.php(662): Illuminate\\Container\\BoundMethod::call()
#5 /home/lucas/Programacion/decampochallenge/vendor/laravel/framework/src/Illuminate/Database/Seeder.php(184): Illuminate\\Container\\Container->call()
#6 /home/lucas/Programacion/decampochallenge/vendor/laravel/framework/src/Illuminate/Database/Seeder.php(193): Illuminate\\Database\\Seeder->Illuminate\\Database\\{closure}()
#7 /home/lucas/Programacion/decampochallenge/vendor/laravel/framework/src/Illuminate/Database/Console/Seeds/SeedCommand.php(70): Illuminate\\Database\\Seeder->__invoke()
#8 /home/lucas/Programacion/decampochallenge/vendor/laravel/framework/src/Illuminate/Database/Eloquent/Concerns/GuardsAttributes.php(155): Illuminate\\Database\\Console\\Seeds\\SeedCommand->Illuminate\\Database\\Console\\Seeds\\{closure}()
#9 /home/lucas/Programacion/decampochallenge/vendor/laravel/framework/src/Illuminate/Database/Console/Seeds/SeedCommand.php(71): Illuminate\\Database\\Eloquent\\Model::unguarded()
#10 /home/lucas/Programacion/decampochallenge/vendor/laravel/framework/src/Illuminate/Container/BoundMethod.php(36): Illuminate\\Database\\Console\\Seeds\\SeedCommand->handle()
#11 /home/lucas/Programacion/decampochallenge/vendor/laravel/framework/src/Illuminate/Container/Util.php(41): Illuminate\\Container\\BoundMethod::Illuminate\\Container\\{closure}()
#12 /home/lucas/Programacion/decampochallenge/vendor/laravel/framework/src/Illuminate/Container/BoundMethod.php(93): Illuminate\\Container\\Util::unwrapIfClosure()
#13 /home/lucas/Programacion/decampochallenge/vendor/laravel/framework/src/Illuminate/Container/BoundMethod.php(37): Illuminate\\Container\\BoundMethod::callBoundMethod()
#14 /home/lucas/Programacion/decampochallenge/vendor/laravel/framework/src/Illuminate/Container/Container.php(662): Illuminate\\Container\\BoundMethod::call()
#15 /home/lucas/Programacion/decampochallenge/vendor/laravel/framework/src/Illuminate/Console/Command.php(211): Illuminate\\Container\\Container->call()
#16 /home/lucas/Programacion/decampochallenge/vendor/symfony/console/Command/Command.php(326): Illuminate\\Console\\Command->execute()
#17 /home/lucas/Programacion/decampochallenge/vendor/laravel/framework/src/Illuminate/Console/Command.php(181): Symfony\\Component\\Console\\Command\\Command->run()
#18 /home/lucas/Programacion/decampochallenge/vendor/symfony/console/Application.php(1081): Illuminate\\Console\\Command->run()
#19 /home/lucas/Programacion/decampochallenge/vendor/symfony/console/Application.php(320): Symfony\\Component\\Console\\Application->doRunCommand()
#20 /home/lucas/Programacion/decampochallenge/vendor/symfony/console/Application.php(174): Symfony\\Component\\Console\\Application->doRun()
#21 /home/lucas/Programacion/decampochallenge/vendor/laravel/framework/src/Illuminate/Foundation/Console/Kernel.php(201): Symfony\\Component\\Console\\Application->run()
#22 /home/lucas/Programacion/decampochallenge/artisan(37): Illuminate\\Foundation\\Console\\Kernel->handle()
#23 {main}
"} 
[2023-09-18 06:06:59] local.ERROR: Class "Database\Seeders\App\Models\User" not found {"exception":"[object] (Error(code: 0): Class \"Database\\Seeders\\App\\Models\\User\" not found at /home/lucas/Programacion/decampochallenge/database/seeders/DatabaseSeeder.php:15)
[stacktrace]
#0 /home/lucas/Programacion/decampochallenge/vendor/laravel/framework/src/Illuminate/Container/BoundMethod.php(36): Database\\Seeders\\DatabaseSeeder->run()
#1 /home/lucas/Programacion/decampochallenge/vendor/laravel/framework/src/Illuminate/Container/Util.php(41): Illuminate\\Container\\BoundMethod::Illuminate\\Container\\{closure}()
#2 /home/lucas/Programacion/decampochallenge/vendor/laravel/framework/src/Illuminate/Container/BoundMethod.php(93): Illuminate\\Container\\Util::unwrapIfClosure()
#3 /home/lucas/Programacion/decampochallenge/vendor/laravel/framework/src/Illuminate/Container/BoundMethod.php(37): Illuminate\\Container\\BoundMethod::callBoundMethod()
#4 /home/lucas/Programacion/decampochallenge/vendor/laravel/framework/src/Illuminate/Container/Container.php(662): Illuminate\\Container\\BoundMethod::call()
#5 /home/lucas/Programacion/decampochallenge/vendor/laravel/framework/src/Illuminate/Database/Seeder.php(184): Illuminate\\Container\\Container->call()
#6 /home/lucas/Programacion/decampochallenge/vendor/laravel/framework/src/Illuminate/Database/Seeder.php(193): Illuminate\\Database\\Seeder->Illuminate\\Database\\{closure}()
#7 /home/lucas/Programacion/decampochallenge/vendor/laravel/framework/src/Illuminate/Database/Console/Seeds/SeedCommand.php(70): Illuminate\\Database\\Seeder->__invoke()
#8 /home/lucas/Programacion/decampochallenge/vendor/laravel/framework/src/Illuminate/Database/Eloquent/Concerns/GuardsAttributes.php(155): Illuminate\\Database\\Console\\Seeds\\SeedCommand->Illuminate\\Database\\Console\\Seeds\\{closure}()
#9 /home/lucas/Programacion/decampochallenge/vendor/laravel/framework/src/Illuminate/Database/Console/Seeds/SeedCommand.php(71): Illuminate\\Database\\Eloquent\\Model::unguarded()
#10 /home/lucas/Programacion/decampochallenge/vendor/laravel/framework/src/Illuminate/Container/BoundMethod.php(36): Illuminate\\Database\\Console\\Seeds\\SeedCommand->handle()
#11 /home/lucas/Programacion/decampochallenge/vendor/laravel/framework/src/Illuminate/Container/Util.php(41): Illuminate\\Container\\BoundMethod::Illuminate\\Container\\{closure}()
#12 /home/lucas/Programacion/decampochallenge/vendor/laravel/framework/src/Illuminate/Container/BoundMethod.php(93): Illuminate\\Container\\Util::unwrapIfClosure()
#13 /home/lucas/Programacion/decampochallenge/vendor/laravel/framework/src/Illuminate/Container/BoundMethod.php(37): Illuminate\\Container\\BoundMethod::callBoundMethod()
#14 /home/lucas/Programacion/decampochallenge/vendor/laravel/framework/src/Illuminate/Container/Container.php(662): Illuminate\\Container\\BoundMethod::call()
#15 /home/lucas/Programacion/decampochallenge/vendor/laravel/framework/src/Illuminate/Console/Command.php(211): Illuminate\\Container\\Container->call()
#16 /home/lucas/Programacion/decampochallenge/vendor/symfony/console/Command/Command.php(326): Illuminate\\Console\\Command->execute()
#17 /home/lucas/Programacion/decampochallenge/vendor/laravel/framework/src/Illuminate/Console/Command.php(181): Symfony\\Component\\Console\\Command\\Command->run()
#18 /home/lucas/Programacion/decampochallenge/vendor/symfony/console/Application.php(1081): Illuminate\\Console\\Command->run()
#19 /home/lucas/Programacion/decampochallenge/vendor/symfony/console/Application.php(320): Symfony\\Component\\Console\\Application->doRunCommand()
#20 /home/lucas/Programacion/decampochallenge/vendor/symfony/console/Application.php(174): Symfony\\Component\\Console\\Application->doRun()
#21 /home/lucas/Programacion/decampochallenge/vendor/laravel/framework/src/Illuminate/Foundation/Console/Kernel.php(201): Symfony\\Component\\Console\\Application->run()
#22 /home/lucas/Programacion/decampochallenge/artisan(37): Illuminate\\Foundation\\Console\\Kernel->handle()
#23 {main}
"} 
[2023-09-18 06:07:52] local.ERROR: Class "Database\Seeders\User" not found {"exception":"[object] (Error(code: 0): Class \"Database\\Seeders\\User\" not found at /home/lucas/Programacion/decampochallenge/database/seeders/DatabaseSeeder.php:15)
[stacktrace]
#0 /home/lucas/Programacion/decampochallenge/vendor/laravel/framework/src/Illuminate/Container/BoundMethod.php(36): Database\\Seeders\\DatabaseSeeder->run()
#1 /home/lucas/Programacion/decampochallenge/vendor/laravel/framework/src/Illuminate/Container/Util.php(41): Illuminate\\Container\\BoundMethod::Illuminate\\Container\\{closure}()
#2 /home/lucas/Programacion/decampochallenge/vendor/laravel/framework/src/Illuminate/Container/BoundMethod.php(93): Illuminate\\Container\\Util::unwrapIfClosure()
#3 /home/lucas/Programacion/decampochallenge/vendor/laravel/framework/src/Illuminate/Container/BoundMethod.php(37): Illuminate\\Container\\BoundMethod::callBoundMethod()
#4 /home/lucas/Programacion/decampochallenge/vendor/laravel/framework/src/Illuminate/Container/Container.php(662): Illuminate\\Container\\BoundMethod::call()
#5 /home/lucas/Programacion/decampochallenge/vendor/laravel/framework/src/Illuminate/Database/Seeder.php(184): Illuminate\\Container\\Container->call()
#6 /home/lucas/Programacion/decampochallenge/vendor/laravel/framework/src/Illuminate/Database/Seeder.php(193): Illuminate\\Database\\Seeder->Illuminate\\Database\\{closure}()
#7 /home/lucas/Programacion/decampochallenge/vendor/laravel/framework/src/Illuminate/Database/Console/Seeds/SeedCommand.php(70): Illuminate\\Database\\Seeder->__invoke()
#8 /home/lucas/Programacion/decampochallenge/vendor/laravel/framework/src/Illuminate/Database/Eloquent/Concerns/GuardsAttributes.php(155): Illuminate\\Database\\Console\\Seeds\\SeedCommand->Illuminate\\Database\\Console\\Seeds\\{closure}()
#9 /home/lucas/Programacion/decampochallenge/vendor/laravel/framework/src/Illuminate/Database/Console/Seeds/SeedCommand.php(71): Illuminate\\Database\\Eloquent\\Model::unguarded()
#10 /home/lucas/Programacion/decampochallenge/vendor/laravel/framework/src/Illuminate/Container/BoundMethod.php(36): Illuminate\\Database\\Console\\Seeds\\SeedCommand->handle()
#11 /home/lucas/Programacion/decampochallenge/vendor/laravel/framework/src/Illuminate/Container/Util.php(41): Illuminate\\Container\\BoundMethod::Illuminate\\Container\\{closure}()
#12 /home/lucas/Programacion/decampochallenge/vendor/laravel/framework/src/Illuminate/Container/BoundMethod.php(93): Illuminate\\Container\\Util::unwrapIfClosure()
#13 /home/lucas/Programacion/decampochallenge/vendor/laravel/framework/src/Illuminate/Container/BoundMethod.php(37): Illuminate\\Container\\BoundMethod::callBoundMethod()
#14 /home/lucas/Programacion/decampochallenge/vendor/laravel/framework/src/Illuminate/Container/Container.php(662): Illuminate\\Container\\BoundMethod::call()
#15 /home/lucas/Programacion/decampochallenge/vendor/laravel/framework/src/Illuminate/Console/Command.php(211): Illuminate\\Container\\Container->call()
#16 /home/lucas/Programacion/decampochallenge/vendor/symfony/console/Command/Command.php(326): Illuminate\\Console\\Command->execute()
#17 /home/lucas/Programacion/decampochallenge/vendor/laravel/framework/src/Illuminate/Console/Command.php(181): Symfony\\Component\\Console\\Command\\Command->run()
#18 /home/lucas/Programacion/decampochallenge/vendor/symfony/console/Application.php(1081): Illuminate\\Console\\Command->run()
#19 /home/lucas/Programacion/decampochallenge/vendor/symfony/console/Application.php(320): Symfony\\Component\\Console\\Application->doRunCommand()
#20 /home/lucas/Programacion/decampochallenge/vendor/symfony/console/Application.php(174): Symfony\\Component\\Console\\Application->doRun()
#21 /home/lucas/Programacion/decampochallenge/vendor/laravel/framework/src/Illuminate/Foundation/Console/Kernel.php(201): Symfony\\Component\\Console\\Application->run()
#22 /home/lucas/Programacion/decampochallenge/artisan(37): Illuminate\\Foundation\\Console\\Kernel->handle()
#23 {main}
"} 
